
START - automation started - Tue Oct 29 2019 18:48:10 GMT+0800 (+08)

LIVE MODE - type done to quit
 [TAGUI][STARTED]
[TAGUI][0] - listening for inputs
[TAGUI][1] - https://www.nike.com/sg/
[TAGUI][1] - listening for inputs
[TAGUI][2] - exist_result = exist('//input[@id = "TypeaheadSearchInput"]').toString()
[TAGUI][2] - listening for inputs
[TAGUI][3] - dump exist_result to tagui_python.txt
[TAGUI][3] - listening for inputs
[TAGUI][4] - type //input[@id = "TypeaheadSearchInput"] as Nike Air Max 1 shoes men
[TAGUI][4] - listening for inputs
[TAGUI][5] - exist_result = exist('//button[@class = "btn-search z2 bg-transparent"]').toString()
[TAGUI][5] - listening for inputs
[TAGUI][6] - dump exist_result to tagui_python.txt
[TAGUI][6] - listening for inputs
[TAGUI][7] - click //button[@class = "btn-search z2 bg-transparent"]
[TAGUI][7] - listening for inputs
[TAGUI][8] - count_result = count('//a[contains(@class , "product-card__link-overlay")]').toString()
[TAGUI][8] - listening for inputs
[TAGUI][9] - dump count_result to tagui_python.txt
[TAGUI][9] - listening for inputs
[TAGUI][10] - exist_result = exist('(//a[@class = "product-card__link-overlay"])[1]').toString()
[TAGUI][10] - listening for inputs
[TAGUI][11] - dump exist_result to tagui_python.txt
[TAGUI][11] - listening for inputs
[TAGUI][12] - read (//a[@class = "product-card__link-overlay"])[1] to read_result
[TAGUI][12] - listening for inputs
[TAGUI][13] - dump read_result to tagui_python.txt
[TAGUI][13] - listening for inputs
[TAGUI][14] - exist_result = exist('(//div[@data-test="product-price"])[1]').toString()
[TAGUI][14] - listening for inputs
[TAGUI][15] - dump exist_result to tagui_python.txt
[TAGUI][15] - listening for inputs
[TAGUI][16] - read (//div[@data-test="product-price"])[1] to read_result
[TAGUI][16] - listening for inputs
[TAGUI][17] - dump read_result to tagui_python.txt
[TAGUI][17] - listening for inputs
[TAGUI][18] - exist_result = exist('(//div[contains(@class, "product-card__hero")]/picture/img)[1]/@src').toString()
